🚀 Migration complète Matrix - Automatique
============================================================

1️⃣  Analyse du backup...
   - 18 rooms non-encryptées
   - 44 users
   - 5077 events

📝 Création de 44 users en DB...
  ⚠️  Erreur: Defaulted container "postgres" out of: postgres, postgres-ess-updater, postgres-exporter
ERROR:  column "is_deactivated" of relation "users" does not exist
LINE 2: ...server_notice_sent, appservice_id
  ⚠️  Erreur création users, continue quand même...

2️⃣  Création de 18 rooms en DB...
  ✅ Room 'Room !ERzKZEC' créée en DB: !2F5AyNR1_-cWJqirC9:chat.neohoods.com
  ✅ Room 'G\u00e9n\u00e9ral' créée en DB: !JzGjPH7YuItEyFMEaP:chat.neohoods.com
  ✅ Room '\u00c9v\u00e8nements' créée en DB: !0mXmoNrFwyzfI2DFU9:chat.neohoods.com
  ✅ Room 'Espace-commun' créée en DB: !acYkavs8yeIrDHnLex:chat.neohoods.com
  ✅ Room 'Voitures-partag\u00e9es' créée en DB: !1tetjZPOxyuI8Rjtwa:chat.neohoods.com
  ✅ Room 'Mobilite-partag\u00e9e' créée en DB: !exiKqakSxrqfWQYtpn:chat.neohoods.com
  ✅ Room 'Potagers-partag\u00e9s' créée en DB: !wo2jU03-VKIowPqE3B:chat.neohoods.com
  ✅ Room 'Chambre-hotes' créée en DB: !eRXdMdtBLnSwWEH6yG:chat.neohoods.com
  ✅ Room 'Parents' créée en DB: !2sxM_5ztdA21_nFMpS:chat.neohoods.com
  ✅ Room 'Syndic-de-copropri\u00e9t\u00e9' créée en DB: !wKwxWA2uunrYKfgVdl:chat.neohoods.com
  ✅ Room 'Boite-a-id\u00e9es' créée en DB: !7A-qS99WEs4GySm6tQ:chat.neohoods.com
  ✅ Room 'Support' créée en DB: !_Nhg-2gW5AG1zaUgXE:chat.neohoods.com
  ✅ Room 'Propi\u00e9taires' créée en DB: !p51YsQKLt18hUC0tKe:chat.neohoods.com
  ✅ Room 'Batiment A' créée en DB: !QudkoZwwKYxikgEdJ1:chat.neohoods.com
  ✅ Room 'Batiment B' créée en DB: !M3zweuaHN414-eQW4m:chat.neohoods.com
  ✅ Room 'Batiment C' créée en DB: !xHWexoIGN8kq7EqCsS:chat.neohoods.com
  ✅ Room 'Le bon coin' créée en DB: !_FP08I73zzBwhmhquO:chat.neohoods.com
  ✅ Room 'Alerte' créée en DB: !F7INHadZA-r5C5jBzF:chat.neohoods.com
   ✅ 18 rooms créées

📝 Migration de 1254 messages en DB...
  Migration des events...
  ⚠️  Erreur events: Defaulted container "postgres" out of: postgres, postgres-ess-updater, postgres-exporter
exec /usr/local/bin/psql: argument list too long
command terminated with exit code 1

  ⚠️  Erreur migration messages
