🚀 Migration complète Matrix - Automatique
============================================================

1️⃣  Analyse du backup...
   - 18 rooms non-encryptées
   - 44 users
   - 5077 events

📝 Création de 44 users en DB...
  ⚠️  Erreur: Defaulted container "postgres" out of: postgres, postgres-ess-updater, postgres-exporter
ERROR:  column "is_guest" is of type smallint but expression is of type boolean
LINE 7:     false,
            
  ⚠️  Erreur création users, continue quand même...

2️⃣  Création de 18 rooms en DB...
  ✅ Room 'Room !ERzKZEC' créée en DB: !IMLCTF21Rae7NMiaOf:chat.neohoods.com
  ✅ Room 'G\u00e9n\u00e9ral' créée en DB: !5qn3J7gCWeuwaUAFMG:chat.neohoods.com
  ✅ Room '\u00c9v\u00e8nements' créée en DB: !1Gq5XzsocCLiNTgzVO:chat.neohoods.com
  ✅ Room 'Espace-commun' créée en DB: !gcbJHQZeif6VH34Xry:chat.neohoods.com
  ✅ Room 'Voitures-partag\u00e9es' créée en DB: !R5sLadZ1qa77Y_pMgN:chat.neohoods.com
  ✅ Room 'Mobilite-partag\u00e9e' créée en DB: !rrlHEp19OdK_YjNmPg:chat.neohoods.com
  ✅ Room 'Potagers-partag\u00e9s' créée en DB: !X7RQ4jMx4jsnU_yRDl:chat.neohoods.com
  ✅ Room 'Chambre-hotes' créée en DB: !GEGMvasAvHcY9iKQz6:chat.neohoods.com
  ✅ Room 'Parents' créée en DB: !XhE9lfys-n-Ik7j0r2:chat.neohoods.com
  ✅ Room 'Syndic-de-copropri\u00e9t\u00e9' créée en DB: !KcSCBr1YhsmJ61zeO9:chat.neohoods.com
  ✅ Room 'Boite-a-id\u00e9es' créée en DB: !Um15iDe4kasOVLRH4U:chat.neohoods.com
  ✅ Room 'Support' créée en DB: !vH9E-bsKeNox9ZBtCH:chat.neohoods.com
  ✅ Room 'Propi\u00e9taires' créée en DB: !hs0dx5OYnN5wGAHNsD:chat.neohoods.com
  ✅ Room 'Batiment A' créée en DB: !GQqKbWKbTEjbTEwef7:chat.neohoods.com
  ✅ Room 'Batiment B' créée en DB: !rZ2jzH5kduhlrtvO3O:chat.neohoods.com
  ✅ Room 'Batiment C' créée en DB: !BFM7_FM9d4S1N5f75J:chat.neohoods.com
  ✅ Room 'Le bon coin' créée en DB: !TIMCQe3ovslCmTpbVh:chat.neohoods.com
  ✅ Room 'Alerte' créée en DB: !UHJTqT11LWS9MM1lfr:chat.neohoods.com
   ✅ 18 rooms créées

📝 Migration de 1254 messages en DB...
  Migration des events...
  ⚠️  Erreur events batch 1: Defaulted container "postgres" out of: postgres, postgres-ess-updater, postgres-exporter
ERROR:  duplicate key value violates unique constraint "events_stream_ordering"
DETAIL:  Key (stream_ordering)=(1) already exists.
command terminated with exit code 1

  ⚠️  Erreur migration messages
